[debug] [2025-02-20T10:31:55.058Z] ----------------------------------------------------------------------
[debug] [2025-02-20T10:31:55.061Z] Command:       C:\Program Files\nodejs\node.exe C:\Users\trishala.chougule\AppData\Roaming\npm\node_modules\firebase-tools\lib\bin\firebase.js init
[debug] [2025-02-20T10:31:55.061Z] CLI Version:   13.31.2
[debug] [2025-02-20T10:31:55.061Z] Platform:      win32
[debug] [2025-02-20T10:31:55.061Z] Node Version:  v20.13.1
[debug] [2025-02-20T10:31:55.061Z] Time:          Thu Feb 20 2025 16:01:55 GMT+0530 (India Standard Time)
[debug] [2025-02-20T10:31:55.061Z] ----------------------------------------------------------------------
[debug] 
[debug] [2025-02-20T10:31:55.067Z] > command requires scopes: ["email","openid","https://www.googleapis.com/auth/cloudplatformprojects.readonly","https://www.googleapis.com/auth/firebase","https://www.googleapis.com/auth/cloud-platform"]
[debug] [2025-02-20T10:31:55.067Z] > authorizing via signed-in user (tchougule2016@gmail.com)
[info] 
     ######## #### ########  ######## ########     ###     ######  ########
     ##        ##  ##     ## ##       ##     ##  ##   ##  ##       ##
     ######    ##  ########  ######   ########  #########  ######  ######
     ##        ##  ##    ##  ##       ##     ## ##     ##       ## ##
     ##       #### ##     ## ######## ########  ##     ##  ######  ########

You're about to initialize a Firebase project in this directory:

  D:\OfficeProject\AI\19_02_2025\ar_model_viewer

[info] 
=== Project Setup
[info] 
[info] First, let's associate this project directory with a Firebase project.
[info] You can create multiple project aliases by running firebase use --add, 
[info] but for now we'll just set up a default project.
[info] 
[info] i  If you want to create a project in a Google Cloud organization or folder, please use "firebase projects:create" instead, and return to this command when you've created the project. 
[debug] [2025-02-20T10:32:25.946Z] Checked if tokens are valid: true, expires at: 1740050977831
[debug] [2025-02-20T10:32:25.947Z] Checked if tokens are valid: true, expires at: 1740050977831
[debug] [2025-02-20T10:32:25.948Z] >>> [apiv2][query] POST https://cloudresourcemanager.googleapis.com/v1/projects [none]
[debug] [2025-02-20T10:32:25.948Z] >>> [apiv2][body] POST https://cloudresourcemanager.googleapis.com/v1/projects {"projectId":"ar_demo_flutter","name":"ar_demo_flutter"}
[debug] [2025-02-20T10:32:27.516Z] <<< [apiv2][status] POST https://cloudresourcemanager.googleapis.com/v1/projects 400
[debug] [2025-02-20T10:32:27.517Z] <<< [apiv2][body] POST https://cloudresourcemanager.googleapis.com/v1/projects {"error":{"code":400,"message":"Request contains an invalid argument.","status":"INVALID_ARGUMENT","details":[{"@type":"type.googleapis.com/google.rpc.BadRequest","fieldViolations":[{"field":"project_id","description":"project_id contains invalid characters"},{"field":"display_name","description":"project display name contains invalid characters"}]},{"@type":"type.googleapis.com/google.rpc.Help","links":[{"url":"https://cloud.google.com/resource-manager/reference/rest/v1/projects"}]}]}}
[debug] [2025-02-20T10:32:27.519Z] FirebaseError: Request to https://cloudresourcemanager.googleapis.com/v1/projects had HTTP Error: 400, Request contains an invalid argument.
    at responseToError (C:\Users\trishala.chougule\AppData\Roaming\npm\node_modules\firebase-tools\lib\responseToError.js:52:12)
    at RetryOperation._fn (C:\Users\trishala.chougule\AppData\Roaming\npm\node_modules\firebase-tools\lib\apiv2.js:312:77)
    at process.processTicksAndRejections (node:internal/process/task_queues:95:5)
[error] 
[error] Error: Failed to create project. See firebase-debug.log for more info.
